!-----------!New conection!-----------!
Real ip:('192.168.1.110', 58148)
Time:19:15:06.288491
Hostname:DESKTOP-43PLPN8
!-----------!New conection!-----------!
Real ip:('192.168.1.110', 58149)
Time:19:15:28.722779
Hostname:DESKTOP-43PLPN8
!-----------!New conection!-----------!
Real ip:('192.168.1.110', 58150)
Time:19:15:44.729190
Hostname:DESKTOP-43PLPN8
Ip:169.254.153.181
Platform:AMD64
User want view help
!-----------!New conection!-----------!
Real ip:('192.168.1.110', 58152)
Time:19:16:17.163068
Hostname:DESKTOP-43PLPN8
Ip:169.254.153.181
Platform:AMD64
User want view help
!-----------!New conection!-----------!
Real ip:('192.168.1.110', 58154)
Time:19:19:37.974252
Hostname:DESKTOP-43PLPN8
Ip:hackmf
Platform:AMD64
!-----------!New conection!-----------!
Real ip:('192.168.1.110', 58166)
Time:19:24:21.436226
Hostname:DESKTOP-43PLPN8
Ip:hackmf
Platform:AMD64
Session deleted
!-----------!New conection!-----------!
Real ip:('192.168.1.110', 58169)
Time:19:27:16.915618
Hostname:DESKTOP-43PLPN8
Ip:hackmf
Platform:AMD64
Session deleted
!-----------!New conection!-----------!
Real ip:('192.168.1.110', 58170)
Time:19:28:39.247445
Hostname:DESKTOP-43PLPN8
Ip:hackmf
Platform:AMD64
!-----------!New conection!-----------!
Real ip:('192.168.1.110', 58171)
Time:19:29:01.855294
Hostname:DESKTOP-43PLPN8
Ip:hackmf
Platform:AMD64
!-----------!New conection!-----------!
Real ip:('192.168.1.110', 58173)
Time:19:29:44.347573
Hostname:DESKTOP-43PLPN8
Ip:hackmf
Platform:AMD64
!-----------!New conection!-----------!
Real ip:('192.168.1.110', 58176)
Time:19:31:38.984226
Hostname:DESKTOP-43PLPN8
Ip:hackmf
Platform:AMD64
